èRÐŸÿDate: Thu, 28 Mar 2019 10:33:47 CST | Request: /index.html | Host: localhost:8080
Date: Thu, 28 Mar 2019 10:34:28 CST | Request: /index | Host: localhost:8080
Date: Thu, 28 Mar 2019 10:44:15 CST | Request: /index.html | Host: localhost:8080
Date: Thu, 28 Mar 2019 10:45:55 CST | Request: /index.html | Host: localhost:8080
Date: Thu, 28 Mar 2019 13:26:33 CST | Request: /index.html | Host: localhost:8080
Date: Thu, 28 Mar 2019 13:26:38 CST | Request: /index.html | Host: localhost:8080
Date: Thu, 28 Mar 2019 13:52:06 CST | Request: /exit | Host: localhost:8080
Date: Thu, 28 Mar 2019 14:19:00 CST | Request: / | Host: localhost:8080
Date: Thu, 28 Mar 2019 14:25:10 CST | Request: / | Host: localhost:8080
Date: Thu, 28 Mar 2019 14:25:21 CST | Request: /index.html | Host: localhost:8080
Date: Thu, 28 Mar 2019 14:26:34 CST | Request: / | Host: localhost:8080
Date: Thu, 28 Mar 2019 14:27:26 CST | Request: / | Host: localhost:8080
Date: Thu, 28 Mar 2019 14:27:56 CST | Request: / | Host: localhost:8080
Date: Thu, 28 Mar 2019 14:28:30 CST | Request: / | Host: localhost:8080
Date: Thu, 28 Mar 2019 14:29:14 CST | Request: / | Host: localhost:8080
Date: Thu, 28 Mar 2019 14:32:50 CST | Request: / | Host: localhost:8080
Date: Thu, 28 Mar 2019 14:32:54 CST | Request: /css/login.css | Host: localhost:8080
Date: Thu, 28 Mar 2019 14:32:54 CST | Request: /css/checkboxes.css | Host: localhost:8080
Date: Thu, 28 Mar 2019 14:32:54 CST | Request: /css/layouts-size.css | Host: localhost:8080
Date: Thu, 28 Mar 2019 14:32:54 CST | Request: /css/buttons.css | Host: localhost:8080
Date: Thu, 28 Mar 2019 14:32:54 CST | Request: /css/buttons.css | Host: localhost:8080Date: Thu, 28 Mar 2019 14:32:54 CST | Request: /css/animations.css | Host: localhost:8080
Date: Thu, 28 Mar 2019 14:32:55 CST | Request: /css/general.css | Host: localhost:8080
Date: Thu, 28 Mar 2019 14:32:56 CST | Request: /css/sidebar.css | Host: localhost:8080
Date: Thu, 28 Mar 2019 14:32:56 CST | Request: /css/sidebar.css | Host: localhost:8080
Date: Thu, 28 Mar 2019 14:32:56 CST | Request: /css/separators.css | Host: localhost:8080Date: Thu, 28 Mar 2019 14:32:56 CST | Request: /css/footer.css | Host: localhost:8080
Date: Thu, 28 Mar 2019 14:32:57 CST | Request: /css/loaders.css | Host: localhost:8080
Date: Thu, 28 Mar 2019 14:32:57 CST | Request: /js/jquery-3.2.1.min.js | Host: localhost:8080
Date: Thu, 28 Mar 2019 14:32:57 CST | Request: /css/loaders.css | Host: localhost:8080Date: Thu, 28 Mar 2019 14:32:58 CST | Request: /js/top-menu.js | Host: localhost:8080
Date: Thu, 28 Mar 2019 14:32:59 CST | Request: /css/notifications.css | Host: localhost:8080
Date: Thu, 28 Mar 2019 14:32:59 CST | Request: /js/cool-alerts.js | Host: localhost:8080
Date: Thu, 28 Mar 2019 14:33:00 CST | Request: /js/jquery.ui.shake.min.js | Host: localhost:8080
Date: Thu, 28 Mar 2019 14:33:00 CST | Request: /js/form-validation.js | Host: localhost:8080
Date: Thu, 28 Mar 2019 14:33:00 CST | Request: /js/inputfile.js | Host: localhost:8080
Date: Thu, 28 Mar 2019 14:33:01 CST | Request: /js/notifications.js | Host: localhost:8080
Date: Thu, 28 Mar 2019 14:33:01 CST | Request: /js/jquery.mask.js | Host: localhost:8080
Date: Thu, 28 Mar 2019 14:33:02 CST | Request: /fonts/UniversLTStd-LightCn.otf | Host: localhost:8080
Date: Thu, 28 Mar 2019 14:33:03 CST | Request: /images/LogoFusionTech@500X130.png | Host: localhost:8080
Date: Thu, 28 Mar 2019 14:32:57 CST | Request: /js/jquery-3.2.1.min.js | Host: localhost:8080Date: Thu, 28 Mar 2019 14:33:04 CST | Request: /images/logoFusionTech.png | Host: localhost:8080
Date: Thu, 28 Mar 2019 14:33:05 CST | Request: /js/login.js | Host: localhost:8080
Date: Thu, 28 Mar 2019 14:33:21 CST | Request: /index.html | Host: localhost:8080
Date: Thu, 28 Mar 2019 14:33:23 CST | Request: /index.html | Host: localhost:8080
Date: Thu, 28 Mar 2019 14:33:37 CST | Request: /inicio | Host: localhost:8080
Date: Thu, 28 Mar 2019 14:33:38 CST | Request: /index.html | Host: localhost:8080
Date: Thu, 28 Mar 2019 14:33:55 CST | Request: /index.html | Host: localhost:8080
Date: Thu, 28 Mar 2019 14:36:05 CST | Request: /index.html | Host: localhost:8080
Date: Thu, 28 Mar 2019 14:37:22 CST | Request: /index.html | Host: localhost:8080
Date: Thu, 28 Mar 2019 14:42:17 CST | Request: / | Host: localhost:8080
Date: Thu, 28 Mar 2019 14:42:51 CST | Request: / | Host: localhost:8080
Date: Thu, 28 Mar 2019 14:42:51 CST | Request: / | Host: localhost:8080
Date: Thu, 28 Mar 2019 14:43:03 CST | Request: / | Host: localhost:8080
Date: Thu, 28 Mar 2019 14:43:05 CST | Request: /index.html | Host: localhost:8080
Date: Thu, 28 Mar 2019 14:43:05 CST | Request: /index.html | Host: localhost:8080
Date: Thu, 28 Mar 2019 14:43:48 CST | Request: /index.html | Host: localhost:8080
Date: Thu, 28 Mar 2019 14:46:15 CST | Request: / | Host: localhost:8080
Date: Thu, 28 Mar 2019 14:46:23 CST | Request: / | Host: localhost:8080
Date: Thu, 28 Mar 2019 14:46:29 CST | Request: / | Host: localhost:8080
Date: Thu, 28 Mar 2019 14:46:29 CST | Request: / | Host: localhost:8080
Date: Thu, 28 Mar 2019 14:46:34 CST | Request: / | Host: localhost:8080
Date: Thu, 28 Mar 2019 14:46:34 CST | Request: /index.html | Host: localhost:8080
Date: Thu, 28 Mar 2019 14:46:48 CST | Request: /index.html | Host: localhost:8080
Date: Thu, 28 Mar 2019 14:47:18 CST | Request: /index.html | Host: localhost:8080
Date: Thu, 28 Mar 2019 14:48:40 CST | Request: /index.html | Host: localhost:8080
Date: Thu, 28 Mar 2019 14:48:57 CST | Request: / | Host: localhost:8080
Date: Thu, 28 Mar 2019 14:52:00 CST | Request: / | Host: localhost:8080
Date: Thu, 28 Mar 2019 14:52:12 CST | Request: / | Host: localhost:8080
Date: Thu, 28 Mar 2019 14:52:17 CST | Request: / | Host: localhost:8080
Date: Thu, 28 Mar 2019 14:52:17 CST | Request: / | Host: localhost:8080
Date: Thu, 28 Mar 2019 14:52:24 CST | Request: / | Host: localhost:8080
Date: Thu, 28 Mar 2019 14:52:43 CST | Request: /index.html | Host: localhost:8080
Date: Mon, 01 Apr 2019 13:00:31 CST | Request: /index.html | Host: localhost:8080
Date: Mon, 01 Apr 2019 13:00:57 CST | Request: /index.html | Host: localhost:8080
Date: Mon, 01 Apr 2019 13:01:40 CST | Request: /index.html | Host: localhost:8080
Date: Mon, 01 Apr 2019 13:02:38 CST | Request: /index.html | Host: localhost:8080
Date: Mon, 01 Apr 2019 13:05:11 CST | Request: /index | Host: localhost:8080
Date: Mon, 01 Apr 2019 13:09:24 CST | Request: / | Host: localhost:8080
Date: Mon, 01 Apr 2019 13:12:03 CST | Request: /index | Host: localhost:8080
Date: Mon, 01 Apr 2019 13:12:10 CST | Request: /index.html | Host: localhost:8080
Date: Mon, 01 Apr 2019 13:15:58 CST | Request: /index | Host: localhost:8080
Date: Mon, 01 Apr 2019 13:16:06 CST | Request: /index.html | Host: localhost:8080
Date: Mon, 01 Apr 2019 13:16:11 CST | Request: /index.html | Host: localhost:8080
Date: Mon, 01 Apr 2019 13:16:14 CST | Request: /index.html | Host: localhost:8080
Date: Mon, 01 Apr 2019 13:16:16 CST | Request: /index.html | Host: localhost:8080
Date: Mon, 01 Apr 2019 13:16:27 CST | Request: /index.html | Host: localhost:8080
Date: Mon, 01 Apr 2019 13:16:29 CST | Request: /index.html | Host: localhost:8080
Date: Mon, 01 Apr 2019 13:17:05 CST | Request: / | Host: localhost:8080
Date: Mon, 01 Apr 2019 13:17:19 CST | Request: /index.html | Host: localhost:8080
Date: Mon, 01 Apr 2019 13:17:30 CST | Request: /index.html | Host: localhost:8080
Date: Mon, 01 Apr 2019 13:19:28 CST | Request: /index.html | Host: localhost:8080
Date: Mon, 01 Apr 2019 13:19:35 CST | Request: /index.html | Host: localhost:8080
Date: Mon, 01 Apr 2019 13:19:39 CST | Request: /index.html | Host: localhost:8080
Date: Mon, 01 Apr 2019 13:19:39 CST | Request: /index.html | Host: localhost:8080
Date: Mon, 01 Apr 2019 13:19:40 CST | Request: /favicon.ico | Host: localhost:8080
Date: Mon, 01 Apr 2019 13:20:09 CST | Request: /index.html | Host: localhost:8080
Date: Mon, 01 Apr 2019 13:24:11 CST | Request: /index.html | Host: localhost:8080
Date: Mon, 01 Apr 2019 13:24:11 CST | Request: /css/style.css | Host: localhost:8080
Date: Mon, 01 Apr 2019 13:24:13 CST | Request: /index.html | Host: localhost:8080
Date: Mon, 01 Apr 2019 13:24:13 CST | Request: /css/style.css | Host: localhost:8080
Date: Mon, 01 Apr 2019 13:24:13 CST | Request: /images/image.jpg | Host: localhost:8080
Date: Mon, 01 Apr 2019 13:24:13 CST | Request: /images/image2.jpg | Host: localhost:8080
Date: Mon, 01 Apr 2019 13:24:13 CST | Request: /images/image3.jpg | Host: localhost:8080
Date: Mon, 01 Apr 2019 13:24:40 CST | Request: /index.html | Host: localhost:8080
Date: Mon, 01 Apr 2019 13:24:51 CST | Request: /css/style.css | Host: localhost:8080
Date: Mon, 01 Apr 2019 13:24:57 CST | Request: /images/image.jpg | Host: localhost:8080
Date: Mon, 01 Apr 2019 13:25:28 CST | Request: /index.html | Host: localhost:8080
Date: Mon, 01 Apr 2019 13:25:28 CST | Request: /css/style.css | Host: localhost:8080
Date: Mon, 01 Apr 2019 13:25:41 CST | Request: /index.html | Host: localhost:8080
Date: Mon, 01 Apr 2019 13:25:42 CST | Request: /css/style.css | Host: localhost:8080
Date: Mon, 01 Apr 2019 13:26:17 CST | Request: /index.html | Host: localhost:8080
Date: Mon, 01 Apr 2019 13:26:29 CST | Request: /css/style.css | Host: localhost:8080
Date: Mon, 01 Apr 2019 13:28:15 CST | Request: /index.html | Host: localhost:8080
Date: Mon, 01 Apr 2019 13:28:37 CST | Request: /index.html | Host: localhost:8080
Date: Mon, 01 Apr 2019 13:28:37 CST | Request: /css/style.css | Host: localhost:8080
Date: Mon, 01 Apr 2019 13:29:00 CST | Request: /css/style.css | Host: localhost:8080
Date: Mon, 01 Apr 2019 13:29:37 CST | Request: /index.html | Host: localhost:8080
Date: Mon, 01 Apr 2019 13:29:37 CST | Request: /index.html | Host: localhost:8080
Date: Mon, 01 Apr 2019 13:29:37 CST | Request: /css/style.css | Host: localhost:8080
Date: Mon, 01 Apr 2019 13:29:38 CST | Request: /images/image.jpg | Host: localhost:8080
Date: Mon, 01 Apr 2019 13:29:38 CST | Request: /images/image2.jpg | Host: localhost:8080
Date: Mon, 01 Apr 2019 13:29:38 CST | Request: /images/image3.jpg | Host: localhost:8080
Date: Mon, 01 Apr 2019 13:30:00 CST | Request: /images/image2.jpg | Host: localhost:8080
Date: Mon, 01 Apr 2019 13:30:49 CST | Request: /index.html | Host: localhost:8080
¨OÐŸÿDate: Mon, 01 Apr 2019 13:30:49 CST | Request: /css/style.css | Host: localhost:8080
Date: Mon, 01 Apr 2019 13:30:49 CST | Request: /images/image.jpg | Host: localhost:8080
Date: Mon, 01 Apr 2019 13:30:49 CST | Request: /images/image2.jpg | Host: localhost:8080
Date: Mon, 01 Apr 2019 13:30:49 CST | Request: /images/image3.jpg | Host: localhost:8080
Date: Mon, 01 Apr 2019 13:30:55 CST | Request: /images/image2.jpg | Host: localhost:8080
Date: Mon, 01 Apr 2019 13:31:08 CST | Request: /images/image2.jpg | Host: localhost:8080
Date: Mon, 01 Apr 2019 13:33:07 CST | Request: /images/image2.jpg | Host: localhost:8080
Date: Mon, 01 Apr 2019 13:33:52 CST | Request: /css/style.css | Host: localhost:8080
Date: Mon, 01 Apr 2019 13:34:20 CST | Request: /images/image2.jpg | Host: localhost:8080
Date: Mon, 01 Apr 2019 13:40:56 CST | Request: /images/image2.jpg | Host: localhost:8080
Date: Mon, 01 Apr 2019 13:45:08 CST | Request: /images/image2.jpg | Host: localhost:8080
Date: Mon, 01 Apr 2019 13:45:55 CST | Request: /images/image2.jpg | Host: localhost:8080
Date: Mon, 01 Apr 2019 13:49:56 CST | Request: /images/image2.jpg | Host: localhost:8080
Date: Mon, 01 Apr 2019 13:52:09 CST | Request: /images/image1.jpg | Host: localhost:8080
Date: Mon, 01 Apr 2019 13:52:17 CST | Request: /images/image.jpg | Host: localhost:8080
Date: Mon, 01 Apr 2019 13:54:51 CST | Request: /images/image.jpg | Host: localhost:8080
Date: Mon, 01 Apr 2019 13:55:40 CST | Request: /images/image.jpg | Host: localhost:8080
Date: Mon, 01 Apr 2019 13:56:23 CST | Request: /images/image.jpg | Host: localhost:8080
Date: Mon, 01 Apr 2019 13:56:36 CST | Request: /css/style.css | Host: localhost:8080
Date: Mon, 01 Apr 2019 14:00:04 CST | Request: /images/image2.jpg | Host: localhost:8080
Date: Mon, 01 Apr 2019 14:02:00 CST | Request: /images/image2.jpg | Host: localhost:8080
Date: Mon, 01 Apr 2019 14:04:30 CST | Request: /images/image2.jpg | Host: localhost:8080
Date: Mon, 01 Apr 2019 14:04:57 CST | Request: /css/style.css | Host: localhost:8080
¨OÐŸÿDate: Mon, 01 Apr 2019 14:05:43 CST | Request: /images/image2.jpg | Host: localhost:8080
Date: Mon, 01 Apr 2019 14:05:57 CST | Request: /css/style.css | Host: localhost:8080
Date: Mon, 01 Apr 2019 14:09:52 CST | Request: /images/image2.jpg | Host: localhost:8080
Date: Mon, 01 Apr 2019 14:10:13 CST | Request: /css.style.css | Host: localhost:8080
Date: Mon, 01 Apr 2019 14:10:19 CST | Request: /css/style.css | Host: localhost:8080
Date: Mon, 01 Apr 2019 14:12:21 CST | Request: /images/image2.jpg | Host: localhost:8080
Date: Mon, 01 Apr 2019 14:14:57 CST | Request: /images/image2.jpg | Host: localhost:8080
Date: Mon, 01 Apr 2019 14:15:12 CST | Request: /css/style.css | Host: localhost:8080
Date: Mon, 01 Apr 2019 14:18:17 CST | Request: /css/style.css | Host: localhost:8080
Date: Mon, 01 Apr 2019 14:18:24 CST | Request: /images/image2.jpg | Host: localhost:8080
¨OÐŸÿDate: Mon, 01 Apr 2019 14:19:29 CST | Request: /images/image2.jpg | Host: localhost:8080
Date: Mon, 01 Apr 2019 14:20:06 CST | Request: /index.html | Host: localhost:8080
Date: Mon, 01 Apr 2019 14:20:06 CST | Request: /images/image.jpg | Host: localhost:8080
Date: Mon, 01 Apr 2019 14:20:06 CST | Request: /images/image2.jpg | Host: localhost:8080
Date: Mon, 01 Apr 2019 14:20:06 CST | Request: /images/image3.jpg | Host: localhost:8080
Date: Mon, 01 Apr 2019 14:20:08 CST | Request: /index.html | Host: localhost:8080
Date: Mon, 01 Apr 2019 14:20:08 CST | Request: /images/image3.jpg | Host: localhost:8080
Date: Mon, 01 Apr 2019 14:20:29 CST | Request: /index.html | Host: localhost:8080
¨OÐŸÿDate: Mon, 01 Apr 2019 14:21:36 CST | Request: /images/image2.jpg | Host: localhost:8080
Date: Mon, 01 Apr 2019 14:21:52 CST | Request: /index.html | Host: localhost:8080
Date: Mon, 01 Apr 2019 14:22:29 CST | Request: /index.html | Host: localhost:8080
Date: Mon, 01 Apr 2019 14:22:29 CST | Request: /css/style.css | Host: localhost:8080
Date: Mon, 01 Apr 2019 14:22:29 CST | Request: /images/image.jpg | Host: localhost:8080
Date: Mon, 01 Apr 2019 14:22:29 CST | Request: /images/image2.jpg | Host: localhost:8080
Date: Mon, 01 Apr 2019 14:22:29 CST | Request: /images/image3.jpg | Host: localhost:8080
Date: Mon, 01 Apr 2019 14:22:42 CST | Request: /index.html | Host: localhost:8080
Date: Mon, 01 Apr 2019 14:28:33 CST | Request: /images/image2.jpg | Host: localhost:8080
¨OÐŸÿDate: Mon, 01 Apr 2019 14:30:00 CST | Request: /images/image2.jpg | Host: localhost:8080
Date: Mon, 01 Apr 2019 14:30:56 CST | Request: /images/image2.jpg | Host: localhost:8080
Date: Mon, 01 Apr 2019 14:31:03 CST | Request: /images/image2.jpg | Host: localhost:8080
Date: Mon, 01 Apr 2019 14:34:58 CST | Request: /images/image2.jpg | Host: localhost:8080
Date: Mon, 01 Apr 2019 14:36:19 CST | Request: /images/image2.jpg | Host: localhost:8080
Date: Mon, 01 Apr 2019 14:37:46 CST | Request: /images/image2.jpg | Host: localhost:8080
Date: Mon, 01 Apr 2019 14:41:00 CST | Request: /images/image2.jpg | Host: localhost:8080
Date: Mon, 01 Apr 2019 15:00:51 CST | Request: /images/image2.jpg | Host: localhost:8080
Date: Mon, 01 Apr 2019 15:00:57 CST | Request: /images/image2.jpg | Host: localhost:8080
Date: Mon, 01 Apr 2019 15:02:12 CST | Request: /css/style.css | Host: localhost:8080
Date: Mon, 01 Apr 2019 15:02:53 CST | Request: /index.html | Host: localhost:8080
Date: Mon, 01 Apr 2019 15:02:53 CST | Request: /index.html | Host: localhost:8080
Date: Mon, 01 Apr 2019 15:02:53 CST | Request: /css/style.css | Host: localhost:8080
Date: Mon, 01 Apr 2019 15:03:06 CST | Request: /index.html | Host: localhost:8080
Date: Mon, 01 Apr 2019 15:03:06 CST | Request: /index.html | Host: localhost:8080
Date: Mon, 01 Apr 2019 15:03:06 CST | Request: /index.html | Host: localhost:8080
Date: Mon, 01 Apr 2019 15:03:06 CST | Request: /css/style.css | Host: localhost:8080
Date: Mon, 01 Apr 2019 15:03:06 CST | Request: /images/image.jpg | Host: localhost:8080
Date: Mon, 01 Apr 2019 15:03:06 CST | Request: /images/image3.jpg | Host: localhost:8080
Date: Mon, 01 Apr 2019 20:26:59 CST | Request: /images/image2.jpg | Host: localhost:8080
Date: Mon, 01 Apr 2019 20:27:06 CST | Request: /images/image2.jpg | Host: localhost:8080
Date: Mon, 01 Apr 2019 20:34:13 CST | Request: /images/image.jpg | Host: localhost:8080
¨OÐŸÿDate: Mon, 01 Apr 2019 20:53:12 CST | Request: /images/image.jpg | Host: localhost:8080
Date: Mon, 01 Apr 2019 21:22:58 CST | Request: /images/image.jpg | Host: localhost:8080
Date: Mon, 01 Apr 2019 21:23:57 CST | Request: /images/image.jpg | Host: localhost:8080
Date: Mon, 01 Apr 2019 21:33:51 CST | Request: /images/image.jpg | Host: localhost:8080
Date: Mon, 01 Apr 2019 21:36:46 CST | Request: /images/image.jpg | Host: localhost:8080
Date: Mon, 01 Apr 2019 21:39:48 CST | Request: /images/image.jpg | Host: localhost:8080
Date: Mon, 01 Apr 2019 21:42:58 CST | Request: /images/image.jpg | Host: localhost:8080
Date: Mon, 01 Apr 2019 21:43:54 CST | Request: /images/image.jpg | Host: localhost:8080
Date: Mon, 01 Apr 2019 21:50:17 CST | Request: /images/image.jpg | Host: localhost:8080
Date: Mon, 01 Apr 2019 21:52:25 CST | Request: /images/image.jpg | Host: localhost:8080
Date: Mon, 01 Apr 2019 21:54:34 CST | Request: /index.html | Host: localhost:8080
Date: Mon, 01 Apr 2019 21:54:45 CST | Request: /index.html | Host: localhost:8080
Date: Mon, 01 Apr 2019 21:54:47 CST | Request: /images/image.jpg | Host: localhost:8080
Date: Mon, 01 Apr 2019 21:54:49 CST | Request: /images/image2.jpg | Host: localhost:8080
Date: Mon, 01 Apr 2019 21:54:49 CST | Request: /images/image3.jpg | Host: localhost:8080
Date: Mon, 01 Apr 2019 21:54:49 CST | Request: /favicon.ico | Host: localhost:8080
Date: Mon, 01 Apr 2019 22:03:14 CST | Request: /images/image.jpg | Host: localhost:8080
¨OÐŸÿDate: Mon, 01 Apr 2019 22:03:53 CST | Request: /images/image.jpg | Host: localhost:8080
Date: Mon, 01 Apr 2019 22:05:12 CST | Request: /images/image.jpg | Host: localhost:8080
Date: Mon, 01 Apr 2019 22:05:39 CST | Request: /images/image2.jpg | Host: localhost:8080
Date: Mon, 01 Apr 2019 22:08:50 CST | Request: /images/image2.jpg | Host: localhost:8080
Date: Mon, 01 Apr 2019 22:12:21 CST | Request: /images/image2.jpg | Host: localhost:8080
¨OÐŸÿDate: Mon, 01 Apr 2019 22:15:05 CST | Request: /images/image2.jpg | Host: localhost:8080
Date: Mon, 01 Apr 2019 22:19:44 CST | Request: /images/image2.jpg | Host: localhost:8080
¨OÐŸÿDate: Mon, 01 Apr 2019 22:22:13 CST | Request: /images/image2.jpg | Host: localhost:8080
Date: Mon, 01 Apr 2019 22:24:41 CST | Request: /images/image2.jpg | Host: localhost:8080
Date: Mon, 01 Apr 2019 22:25:31 CST | Request: /images/image2.jpg | Host: localhost:8080
Date: Mon, 01 Apr 2019 22:27:06 CST | Request: /images/image2.jpg | Host: localhost:8080
Date: Mon, 01 Apr 2019 22:27:52 CST | Request: /index | Host: localhost:8080
Date: Mon, 01 Apr 2019 22:28:10 CST | Request: /index | Host: localhost:8080
Date: Mon, 01 Apr 2019 22:28:22 CST | Request: /index.html | Host: localhost:8080
Date: Mon, 01 Apr 2019 22:28:24 CST | Request: /css/style.css | Host: localhost:8080
Date: Mon, 01 Apr 2019 22:28:25 CST | Request: /images/image3.jpg | Host: localhost:8080
Date: Mon, 01 Apr 2019 22:28:25 CST | Request: /images/image.jpg | Host: localhost:8080
Date: Mon, 01 Apr 2019 22:28:43 CST | Request: /images/image.jpg | Host: localhost:8080
Date: Mon, 01 Apr 2019 22:28:44 CST | Request: /images/image3.jpg | Host: localhost:8080
Date: Mon, 01 Apr 2019 22:29:00 CST | Request: /index.html | Host: localhost:8080
Date: Mon, 01 Apr 2019 22:29:00 CST | Request: /css/style.css | Host: localhost:8080
Date: Mon, 01 Apr 2019 22:29:04 CST | Request: /index.html | Host: localhost:8080
Date: Mon, 01 Apr 2019 22:29:04 CST | Request: /css/style.css | Host: localhost:8080
Date: Mon, 01 Apr 2019 22:29:04 CST | Request: /images/image2.jpg | Host: localhost:8080
Date: Mon, 01 Apr 2019 22:29:04 CST | Request: /images/image3.jpg | Host: localhost:8080
Date: Mon, 01 Apr 2019 22:29:40 CST | Request: /index.html | Host: localhost:8080
Date: Mon, 01 Apr 2019 22:29:40 CST | Request: /index.html | Host: localhost:8080
Date: Mon, 01 Apr 2019 22:29:40 CST | Request: /css/style.css | Host: localhost:8080
Date: Mon, 01 Apr 2019 22:29:40 CST | Request: /images/image.jpg | Host: localhost:8080
Date: Mon, 01 Apr 2019 22:29:40 CST | Request: /images/image2.jpg | Host: localhost:8080
Date: Mon, 01 Apr 2019 22:29:40 CST | Request: /images/image2.jpg | Host: localhost:8080Date: Mon, 01 Apr 2019 22:29:40 CST | Request: /images/image3.jpg | Host: localhost:8080
Date: Mon, 01 Apr 2019 22:30:05 CST | Request: /images/image2.jpg | Host: localhost:8080
Date: Mon, 01 Apr 2019 22:36:24 CST | Request: /images/image2.jpg | Host: localhost:8080
Date: Mon, 01 Apr 2019 22:38:21 CST | Request: /images/image2.jpg | Host: localhost:8080
¨OÐŸÿDate: Mon, 01 Apr 2019 22:40:01 CST | Request: /images/image2.jpg | Host: localhost:8080
Date: Mon, 01 Apr 2019 22:42:49 CST | Request: /images/image2.jpg | Host: localhost:8080
Date: Mon, 01 Apr 2019 22:43:40 CST | Request: /index.html | Host: localhost:8080
Date: Mon, 01 Apr 2019 22:43:49 CST | Request: /image/image2.jpg | Host: localhost:8080
Date: Mon, 01 Apr 2019 22:44:01 CST | Request: /images/image2.jpg | Host: localhost:8080
Date: Mon, 01 Apr 2019 22:45:36 CST | Request: /images/image2.jpg | Host: localhost:8080
Date: Mon, 01 Apr 2019 22:45:37 CST | Request: /images/image2.jpg | Host: localhost:8080
Date: Mon, 01 Apr 2019 22:46:10 CST | Request: /images/image2.jpg | Host: localhost:8080
Date: Mon, 01 Apr 2019 22:46:37 CST | Request: /images/image2.jpg | Host: localhost:8080
Date: Mon, 01 Apr 2019 22:46:50 CST | Request: /images/image.jpg | Host: localhost:8080
Date: Mon, 01 Apr 2019 22:46:55 CST | Request: /images/image.jpg | Host: localhost:8080
Date: Mon, 01 Apr 2019 22:47:00 CST | Request: /images/image3.jpg | Host: localhost:8080
Date: Mon, 01 Apr 2019 22:47:06 CST | Request: /images/image3.jpg | Host: localhost:8080
Date: Mon, 01 Apr 2019 22:47:10 CST | Request: /images/image2.jpg | Host: localhost:8080
Date: Mon, 01 Apr 2019 22:47:25 CST | Request: /images/image2.jpg | Host: localhost:8080
Date: Mon, 01 Apr 2019 22:57:27 CST | Request: /images/image2.jpg | Host: localhost:8080
Date: Mon, 01 Apr 2019 22:57:33 CST | Request: /index.html | Host: localhost:8080
Date: Mon, 01 Apr 2019 22:57:33 CST | Request: /css/style.css | Host: localhost:8080
Date: Mon, 01 Apr 2019 22:57:33 CST | Request: /images/image2.jpg | Host: localhost:8080
Date: Mon, 01 Apr 2019 22:57:33 CST | Request: /images/image3.jpg | Host: localhost:8080
Date: Mon, 01 Apr 2019 22:57:33 CST | Request: /images/image.jpg | Host: localhost:8080
Date: Mon, 01 Apr 2019 23:00:15 CST | Request: /index.html | Host: localhost:8080
Date: Mon, 01 Apr 2019 23:00:15 CST | Request: /index.html | Host: localhost:8080
Date: Mon, 01 Apr 2019 23:00:24 CST | Request: /index.html | Host: localhost:8080
Date: Mon, 01 Apr 2019 23:00:24 CST | Request: /css/style.css | Host: localhost:8080
Date: Mon, 01 Apr 2019 23:00:24 CST | Request: /images/image.jpg | Host: localhost:8080
Date: Mon, 01 Apr 2019 23:00:24 CST | Request: /images/image2.jpg | Host: localhost:8080
Date: Mon, 01 Apr 2019 23:00:24 CST | Request: /images/image3.jpg | Host: localhost:8080
Date: Mon, 01 Apr 2019 23:00:28 CST | Request: /index.html | Host: localhost:8080
Date: Mon, 01 Apr 2019 23:00:28 CST | Request: /css/style.css | Host: localhost:8080
Date: Mon, 01 Apr 2019 23:00:28 CST | Request: /images/image.jpg | Host: localhost:8080
Date: Mon, 01 Apr 2019 23:00:28 CST | Request: /images/image3.jpg | Host: localhost:8080
Date: Mon, 01 Apr 2019 23:00:33 CST | Request: /index.html | Host: localhost:8080
Date: Mon, 01 Apr 2019 23:00:33 CST | Request: /css/style.css | Host: localhost:8080
Date: Mon, 01 Apr 2019 23:00:33 CST | Request: /images/image.jpg | Host: localhost:8080
Date: Mon, 01 Apr 2019 23:00:33 CST | Request: /images/image2.jpg | Host: localhost:8080
Date: Mon, 01 Apr 2019 23:00:33 CST | Request: /images/image3.jpg | Host: localhost:8080
Date: Mon, 01 Apr 2019 23:01:36 CST | Request: /index.html | Host: localhost:8080
Date: Mon, 01 Apr 2019 23:01:36 CST | Request: /css/style.css | Host: localhost:8080
Date: Mon, 01 Apr 2019 23:01:36 CST | Request: /images/image.jpg | Host: localhost:8080
Date: Mon, 01 Apr 2019 23:01:36 CST | Request: /images/image3.jpg | Host: localhost:8080
Date: Mon, 01 Apr 2019 23:01:36 CST | Request: /images/image2.jpg | Host: localhost:8080
Date: Mon, 01 Apr 2019 23:01:39 CST | Request: /index.html | Host: localhost:8080
Date: Mon, 01 Apr 2019 23:01:39 CST | Request: /css/style.css | Host: localhost:8080
Date: Mon, 01 Apr 2019 23:01:39 CST | Request: /images/image.jpg | Host: localhost:8080
Date: Mon, 01 Apr 2019 23:01:39 CST | Request: /images/image2.jpg | Host: localhost:8080
Date: Mon, 01 Apr 2019 23:01:39 CST | Request: /images/image3.jpg | Host: localhost:8080
Date: Mon, 01 Apr 2019 23:01:42 CST | Request: /index.html | Host: localhost:8080
Date: Mon, 01 Apr 2019 23:01:42 CST | Request: /css/style.css | Host: localhost:8080
Date: Mon, 01 Apr 2019 23:01:42 CST | Request: /images/image.jpg | Host: localhost:8080
Date: Mon, 01 Apr 2019 23:01:42 CST | Request: /images/image2.jpg | Host: localhost:8080
Date: Mon, 01 Apr 2019 23:01:42 CST | Request: /images/image3.jpg | Host: localhost:8080
Date: Mon, 01 Apr 2019 23:01:48 CST | Request: /index.html | Host: localhost:8080
Date: Mon, 01 Apr 2019 23:01:48 CST | Request: /css/style.css | Host: localhost:8080
Date: Mon, 01 Apr 2019 23:01:49 CST | Request: /images/image.jpg | Host: localhost:8080
Date: Mon, 01 Apr 2019 23:01:49 CST | Request: /images/image2.jpg | Host: localhost:8080
Date: Mon, 01 Apr 2019 23:01:49 CST | Request: /images/image3.jpg | Host: localhost:8080
